[2020-07-23T15:06:29.249] [DEBUG] cheese - login => username:admin,password:123456
[2020-07-23T15:06:29.250] [DEBUG] cheese - admin
[2020-07-23T15:06:29.280] [DEBUG] cheese - null
[2020-07-23T15:06:29.280] [DEBUG] cheese - null
[2020-07-24T10:28:29.560] [DEBUG] cheese - login => username:admin,password:123456
[2020-07-24T10:28:29.570] [DEBUG] cheese - admin
[2020-07-24T10:28:29.642] [DEBUG] cheese - null
[2020-07-24T10:28:29.643] [DEBUG] cheese - null
[2020-07-24T10:32:21.624] [DEBUG] cheese - login => username:muyi,password:123456
[2020-07-24T10:32:21.626] [DEBUG] cheese - muyi
[2020-07-24T10:32:21.641] [DEBUG] cheese - null
[2020-07-24T10:32:21.642] [DEBUG] cheese - null
[2020-07-24T10:32:25.988] [DEBUG] cheese - login => username:admin,password:123456
[2020-07-24T10:32:25.988] [DEBUG] cheese - admin
[2020-07-24T10:32:25.993] [DEBUG] cheese - null
[2020-07-24T10:32:25.994] [DEBUG] cheese - null
[2020-07-24T10:32:33.087] [DEBUG] cheese - login => username:admin,password:123456
[2020-07-24T10:32:33.087] [DEBUG] cheese - admin
[2020-07-24T10:32:33.091] [DEBUG] cheese - null
[2020-07-24T10:32:33.091] [DEBUG] cheese - null
[2020-07-24T10:32:53.661] [DEBUG] cheese - login => username:muyi,password:123456
[2020-07-24T10:32:53.661] [DEBUG] cheese - muyi
[2020-07-24T10:32:53.664] [DEBUG] cheese - null
[2020-07-24T10:32:53.664] [DEBUG] cheese - null
[2020-07-24T10:33:02.278] [DEBUG] cheese - login => username:admin,password:123456
[2020-07-24T10:33:02.278] [DEBUG] cheese - admin
[2020-07-24T10:33:02.282] [DEBUG] cheese - null
[2020-07-24T10:33:02.283] [DEBUG] cheese - null
[2020-07-24T10:50:55.040] [DEBUG] cheese - login => username:muyi,password:123456
[2020-07-24T10:50:55.043] [DEBUG] cheese - muyi
[2020-07-24T10:50:55.068] [DEBUG] cheese - null
[2020-07-24T10:50:55.068] [DEBUG] cheese - null
[2020-07-24T10:51:05.525] [DEBUG] cheese - login => username:admin,password:123456
[2020-07-24T10:51:05.525] [DEBUG] cheese - admin
[2020-07-24T10:51:05.529] [DEBUG] cheese - null
[2020-07-24T10:51:05.529] [DEBUG] cheese - null
[2020-07-24T10:51:17.102] [DEBUG] cheese - login => username:muyi,password:123456
[2020-07-24T10:51:17.102] [DEBUG] cheese - muyi
[2020-07-24T10:51:17.104] [DEBUG] cheese - null
[2020-07-24T10:51:17.104] [DEBUG] cheese - null
[2020-07-24T10:51:21.767] [DEBUG] cheese - login => username:admin,password:123456
[2020-07-24T10:51:21.767] [DEBUG] cheese - admin
[2020-07-24T10:51:21.769] [DEBUG] cheese - null
[2020-07-24T10:51:21.769] [DEBUG] cheese - null
[2020-07-24T11:06:51.819] [DEBUG] cheese - login => username:admin,password:123456
[2020-07-24T11:06:51.819] [DEBUG] cheese - admin
[2020-07-24T11:06:51.828] [DEBUG] cheese - null
[2020-07-24T11:06:51.828] [DEBUG] cheese - null
[2020-07-24T11:07:10.872] [DEBUG] cheese - login => username:admin,password:123456
[2020-07-24T11:07:10.873] [DEBUG] cheese - admin
[2020-07-24T11:07:10.876] [DEBUG] cheese - null
[2020-07-24T11:07:10.876] [DEBUG] cheese - null
[2020-07-24T11:22:25.924] [DEBUG] cheese - login => username:admin,password:123456
[2020-07-24T11:22:25.926] [DEBUG] cheese - admin
[2020-07-24T11:22:25.959] [DEBUG] cheese - null
[2020-07-24T11:22:25.959] [DEBUG] cheese - null
[2020-07-24T11:49:52.209] [DEBUG] cheese - login => username:admin,password:123456
[2020-07-24T11:49:52.212] [DEBUG] cheese - admin
[2020-07-24T11:49:52.242] [DEBUG] cheese - null
[2020-07-24T11:49:52.243] [DEBUG] cheese - null
[2020-07-24T11:51:58.048] [DEBUG] cheese - login => username:admin,password:123456
[2020-07-24T11:51:58.048] [DEBUG] cheese - admin
[2020-07-24T11:51:58.057] [DEBUG] cheese - null
[2020-07-24T11:51:58.057] [DEBUG] cheese - null
[2020-07-24T12:00:42.127] [DEBUG] cheese - login => username:admin,password:123456
[2020-07-24T12:00:42.127] [DEBUG] cheese - admin
[2020-07-24T12:00:42.139] [DEBUG] cheese - null
[2020-07-24T12:00:42.140] [DEBUG] cheese - null
[2020-07-24T12:15:50.177] [DEBUG] cheese - login => username:admin,password:123456
[2020-07-24T12:15:50.178] [DEBUG] cheese - admin
[2020-07-24T12:15:50.193] [DEBUG] cheese - null
[2020-07-24T12:15:50.194] [DEBUG] cheese - null
[2020-07-24T16:39:14.088] [DEBUG] cheese - login => username:admin,password:123456
[2020-07-24T16:39:14.089] [DEBUG] cheese - admin
[2020-07-24T16:39:14.118] [DEBUG] cheese - null
[2020-07-24T16:39:14.119] [DEBUG] cheese - null
[2020-07-24T16:51:51.866] [DEBUG] cheese - login => username:admin,password:123456
[2020-07-24T16:51:51.866] [DEBUG] cheese - admin
[2020-07-24T16:51:51.905] [DEBUG] cheese - null
[2020-07-24T16:51:51.906] [DEBUG] cheese - null
[2020-07-24T17:10:35.249] [DEBUG] cheese - login => username:admin,password:123456
[2020-07-24T17:10:35.250] [DEBUG] cheese - admin
[2020-07-24T17:10:35.262] [DEBUG] cheese - null
[2020-07-24T17:10:35.262] [DEBUG] cheese - null
[2020-07-24T18:15:40.797] [DEBUG] cheese - login => username:admin,password:123456
[2020-07-24T18:15:40.799] [DEBUG] cheese - admin
[2020-07-24T18:15:40.838] [DEBUG] cheese - null
[2020-07-24T18:15:40.838] [DEBUG] cheese - null
[2020-07-24T18:36:57.033] [DEBUG] cheese - login => username:admin,password:123456
[2020-07-24T18:36:57.034] [DEBUG] cheese - admin
[2020-07-24T18:36:57.047] [DEBUG] cheese - null
[2020-07-24T18:36:57.047] [DEBUG] cheese - null
[2020-07-24T18:46:32.766] [DEBUG] cheese - login => username:admin,password:123456
[2020-07-24T18:46:32.767] [DEBUG] cheese - admin
[2020-07-24T18:46:32.782] [DEBUG] cheese - null
[2020-07-24T18:46:32.783] [DEBUG] cheese - null
[2020-07-25T09:31:13.491] [DEBUG] cheese - login => username:admin,password:123456
[2020-07-25T09:31:13.492] [DEBUG] cheese - admin
[2020-07-25T09:31:13.530] [DEBUG] cheese - null
[2020-07-25T09:31:13.531] [DEBUG] cheese - null
[2020-07-25T10:17:04.942] [DEBUG] cheese - login => username:admin,password:123456
[2020-07-25T10:17:04.947] [DEBUG] cheese - admin
[2020-07-25T10:17:04.961] [DEBUG] cheese - null
[2020-07-25T10:17:04.962] [DEBUG] cheese - null
[2020-07-25T10:42:43.804] [DEBUG] cheese - login => username:admin,password:123456
[2020-07-25T10:42:43.805] [DEBUG] cheese - admin
[2020-07-25T10:42:43.811] [DEBUG] cheese - null
[2020-07-25T10:42:43.811] [DEBUG] cheese - null
[2020-07-25T10:58:31.542] [DEBUG] cheese - login => username:admin,password:123456
[2020-07-25T10:58:31.546] [DEBUG] cheese - admin
[2020-07-25T10:58:31.550] [DEBUG] cheese - null
[2020-07-25T10:58:31.550] [DEBUG] cheese - null
[2020-07-25T11:22:29.786] [DEBUG] cheese - login => username:admin,password:123456
[2020-07-25T11:22:29.788] [DEBUG] cheese - admin
[2020-07-25T11:22:29.799] [DEBUG] cheese - null
[2020-07-25T11:22:29.800] [DEBUG] cheese - null
[2020-07-25T11:23:26.453] [DEBUG] cheese - login => username:admin,password:123456
[2020-07-25T11:23:26.454] [DEBUG] cheese - admin
[2020-07-25T11:23:26.456] [DEBUG] cheese - null
[2020-07-25T11:23:26.456] [DEBUG] cheese - null
[2020-07-25T11:28:41.814] [DEBUG] cheese - login => username:admin,password:123456
[2020-07-25T11:28:41.815] [DEBUG] cheese - admin
[2020-07-25T11:28:41.822] [DEBUG] cheese - null
[2020-07-25T11:28:41.824] [DEBUG] cheese - null
[2020-07-25T11:49:54.455] [DEBUG] cheese - login => username:admin,password:123456
[2020-07-25T11:49:54.455] [DEBUG] cheese - admin
[2020-07-25T11:49:54.468] [DEBUG] cheese - null
[2020-07-25T11:49:54.468] [DEBUG] cheese - null
[2020-07-25T11:51:16.288] [DEBUG] cheese - login => username:admin,password:123456
[2020-07-25T11:51:16.288] [DEBUG] cheese - admin
[2020-07-25T11:51:16.292] [DEBUG] cheese - null
[2020-07-25T11:51:16.292] [DEBUG] cheese - null
[2020-07-25T11:51:22.616] [DEBUG] cheese - login => username:admin,password:123456
[2020-07-25T11:51:22.616] [DEBUG] cheese - admin
[2020-07-25T11:51:22.619] [DEBUG] cheese - null
[2020-07-25T11:51:22.619] [DEBUG] cheese - null
[2020-07-25T11:52:13.121] [DEBUG] cheese - login => username:admin,password:123456
[2020-07-25T11:52:13.122] [DEBUG] cheese - admin
[2020-07-25T11:52:13.125] [DEBUG] cheese - null
[2020-07-25T11:52:13.125] [DEBUG] cheese - null
[2020-07-25T11:52:14.127] [DEBUG] cheese - login => username:admin,password:123456
[2020-07-25T11:52:14.127] [DEBUG] cheese - admin
[2020-07-25T11:52:14.129] [DEBUG] cheese - null
[2020-07-25T11:52:14.129] [DEBUG] cheese - null
[2020-07-25T11:52:14.789] [DEBUG] cheese - login => username:admin,password:123456
[2020-07-25T11:52:14.789] [DEBUG] cheese - admin
[2020-07-25T11:52:14.791] [DEBUG] cheese - null
[2020-07-25T11:52:14.791] [DEBUG] cheese - null
[2020-07-25T11:52:14.927] [DEBUG] cheese - login => username:admin,password:123456
[2020-07-25T11:52:14.927] [DEBUG] cheese - admin
[2020-07-25T11:52:14.930] [DEBUG] cheese - null
[2020-07-25T11:52:14.930] [DEBUG] cheese - null
[2020-07-25T11:52:15.063] [DEBUG] cheese - login => username:admin,password:123456
[2020-07-25T11:52:15.063] [DEBUG] cheese - admin
[2020-07-25T11:52:15.065] [DEBUG] cheese - null
[2020-07-25T11:52:15.065] [DEBUG] cheese - null
[2020-07-25T11:52:15.214] [DEBUG] cheese - login => username:admin,password:123456
[2020-07-25T11:52:15.214] [DEBUG] cheese - admin
[2020-07-25T11:52:15.217] [DEBUG] cheese - null
[2020-07-25T11:52:15.217] [DEBUG] cheese - null
[2020-07-25T11:53:42.863] [DEBUG] cheese - login => username:admin,password:123456
[2020-07-25T11:53:42.864] [DEBUG] cheese - admin
[2020-07-25T11:53:42.867] [DEBUG] cheese - null
[2020-07-25T11:53:42.867] [DEBUG] cheese - null
[2020-07-25T11:53:43.741] [DEBUG] cheese - login => username:admin,password:123456
[2020-07-25T11:53:43.741] [DEBUG] cheese - admin
[2020-07-25T11:53:43.744] [DEBUG] cheese - null
[2020-07-25T11:53:43.745] [DEBUG] cheese - null
[2020-07-25T11:53:44.081] [DEBUG] cheese - login => username:admin,password:123456
[2020-07-25T11:53:44.081] [DEBUG] cheese - admin
[2020-07-25T11:53:44.086] [DEBUG] cheese - null
[2020-07-25T11:53:44.086] [DEBUG] cheese - null
[2020-07-25T11:53:44.244] [DEBUG] cheese - login => username:admin,password:123456
[2020-07-25T11:53:44.245] [DEBUG] cheese - admin
[2020-07-25T11:53:44.248] [DEBUG] cheese - null
[2020-07-25T11:53:44.248] [DEBUG] cheese - null
[2020-07-25T11:53:52.289] [DEBUG] cheese - login => username:admin,password:123456
[2020-07-25T11:53:52.289] [DEBUG] cheese - admin
[2020-07-25T11:53:52.291] [DEBUG] cheese - null
[2020-07-25T11:53:52.291] [DEBUG] cheese - null
[2020-07-25T11:53:52.679] [DEBUG] cheese - login => username:admin,password:123456
[2020-07-25T11:53:52.679] [DEBUG] cheese - admin
[2020-07-25T11:53:52.681] [DEBUG] cheese - null
[2020-07-25T11:53:52.681] [DEBUG] cheese - null
[2020-07-25T11:53:52.833] [DEBUG] cheese - login => username:admin,password:123456
[2020-07-25T11:53:52.833] [DEBUG] cheese - admin
[2020-07-25T11:53:52.836] [DEBUG] cheese - null
[2020-07-25T11:53:52.836] [DEBUG] cheese - null
[2020-07-25T11:53:53.966] [DEBUG] cheese - login => username:admin,password:123456
[2020-07-25T11:53:53.966] [DEBUG] cheese - admin
[2020-07-25T11:53:53.969] [DEBUG] cheese - null
[2020-07-25T11:53:53.969] [DEBUG] cheese - null
[2020-07-25T11:54:08.810] [DEBUG] cheese - login => username:admin,password:123456
[2020-07-25T11:54:08.810] [DEBUG] cheese - admin
[2020-07-25T11:54:08.813] [DEBUG] cheese - null
[2020-07-25T11:54:08.814] [DEBUG] cheese - null
[2020-07-25T11:54:45.866] [DEBUG] cheese - login => username:admin,password:123456
[2020-07-25T11:54:45.866] [DEBUG] cheese - admin
[2020-07-25T11:54:45.868] [DEBUG] cheese - null
[2020-07-25T11:54:45.869] [DEBUG] cheese - null
[2020-07-25T11:54:57.184] [DEBUG] cheese - login => username:admin,password:123456
[2020-07-25T11:54:57.184] [DEBUG] cheese - admin
[2020-07-25T11:54:57.190] [DEBUG] cheese - null
[2020-07-25T11:54:57.190] [DEBUG] cheese - null
[2020-07-25T11:55:46.104] [DEBUG] cheese - login => username:admin,password:123456
[2020-07-25T11:55:46.104] [DEBUG] cheese - admin
[2020-07-25T11:55:46.109] [DEBUG] cheese - null
[2020-07-25T11:55:46.109] [DEBUG] cheese - null
[2020-07-25T11:59:01.304] [DEBUG] cheese - login => username:admin,password:123456
[2020-07-25T11:59:01.304] [DEBUG] cheese - admin
[2020-07-25T11:59:01.311] [DEBUG] cheese - null
[2020-07-25T11:59:01.311] [DEBUG] cheese - null
[2020-07-25T12:01:35.766] [DEBUG] cheese - login => username:admin,password:123456
[2020-07-25T12:01:35.766] [DEBUG] cheese - admin
[2020-07-25T12:01:35.768] [DEBUG] cheese - null
[2020-07-25T12:01:35.768] [DEBUG] cheese - null
[2020-07-25T12:01:36.460] [DEBUG] cheese - login => username:admin,password:123456
[2020-07-25T12:01:36.460] [DEBUG] cheese - admin
[2020-07-25T12:01:36.464] [DEBUG] cheese - null
[2020-07-25T12:01:36.464] [DEBUG] cheese - null
[2020-07-25T12:01:54.888] [DEBUG] cheese - login => username:admin,password:123456
[2020-07-25T12:01:54.888] [DEBUG] cheese - admin
[2020-07-25T12:01:54.891] [DEBUG] cheese - null
[2020-07-25T12:01:54.891] [DEBUG] cheese - null
[2020-07-25T15:27:52.617] [DEBUG] cheese - login => username:admin,password:123456
[2020-07-25T15:27:52.620] [DEBUG] cheese - admin
[2020-07-25T15:27:52.637] [DEBUG] cheese - null
[2020-07-25T15:27:52.637] [DEBUG] cheese - null
[2020-07-25T15:57:25.243] [DEBUG] cheese - login => username:admin,password:123456
[2020-07-25T15:57:25.247] [DEBUG] cheese - admin
[2020-07-25T15:57:25.260] [DEBUG] cheese - null
[2020-07-25T15:57:25.260] [DEBUG] cheese - null
[2020-07-25T15:57:35.338] [DEBUG] cheese - login => username:admin,password:123456
[2020-07-25T15:57:35.338] [DEBUG] cheese - admin
[2020-07-25T15:57:35.340] [DEBUG] cheese - null
[2020-07-25T15:57:35.341] [DEBUG] cheese - null
[2020-07-25T15:57:54.053] [DEBUG] cheese - login => username:admin,password:123456
[2020-07-25T15:57:54.054] [DEBUG] cheese - admin
[2020-07-25T15:57:54.057] [DEBUG] cheese - null
[2020-07-25T15:57:54.057] [DEBUG] cheese - null
[2020-07-25T15:58:12.154] [DEBUG] cheese - login => username:admin,password:123456
[2020-07-25T15:58:12.154] [DEBUG] cheese - admin
[2020-07-25T15:58:12.156] [DEBUG] cheese - null
[2020-07-25T15:58:12.156] [DEBUG] cheese - null
[2020-07-25T15:59:40.872] [DEBUG] cheese - login => username:admin,password:123456
[2020-07-25T15:59:40.873] [DEBUG] cheese - admin
[2020-07-25T15:59:40.877] [DEBUG] cheese - null
[2020-07-25T15:59:40.877] [DEBUG] cheese - null
[2020-07-25T16:06:04.938] [DEBUG] cheese - login => username:admin,password:123456
[2020-07-25T16:06:04.939] [DEBUG] cheese - admin
[2020-07-25T16:06:04.983] [DEBUG] cheese - login => username:admin,password:123456
[2020-07-25T16:06:04.984] [DEBUG] cheese - admin
[2020-07-25T16:06:05.014] [DEBUG] cheese - null
[2020-07-25T16:06:05.014] [DEBUG] cheese - null
[2020-07-25T16:06:05.111] [DEBUG] cheese - null
[2020-07-25T16:06:05.111] [DEBUG] cheese - null
[2020-07-25T16:06:29.763] [DEBUG] cheese - login => username:admin,password:123456
[2020-07-25T16:06:29.765] [DEBUG] cheese - admin
[2020-07-25T16:06:29.779] [DEBUG] cheese - null
[2020-07-25T16:06:29.780] [DEBUG] cheese - null
[2020-07-25T16:08:08.271] [DEBUG] cheese - login => username:admin,password:123456
[2020-07-25T16:08:08.272] [DEBUG] cheese - admin
[2020-07-25T16:08:08.274] [DEBUG] cheese - null
[2020-07-25T16:08:08.274] [DEBUG] cheese - null
[2020-07-25T16:08:56.311] [DEBUG] cheese - login => username:admin,password:123456
[2020-07-25T16:08:56.311] [DEBUG] cheese - admin
[2020-07-25T16:08:56.314] [DEBUG] cheese - null
[2020-07-25T16:08:56.314] [DEBUG] cheese - null
[2020-07-25T16:10:47.096] [DEBUG] cheese - login => username:admin,password:123456
[2020-07-25T16:10:47.096] [DEBUG] cheese - admin
[2020-07-25T16:10:47.099] [DEBUG] cheese - null
[2020-07-25T16:10:47.099] [DEBUG] cheese - null
[2020-07-25T16:12:11.176] [DEBUG] cheese - login => username:admin,password:123456
[2020-07-25T16:12:11.176] [DEBUG] cheese - admin
[2020-07-25T16:12:11.179] [DEBUG] cheese - null
[2020-07-25T16:12:11.179] [DEBUG] cheese - null
[2020-07-25T16:15:00.502] [DEBUG] cheese - login => username:admin,password:123456
[2020-07-25T16:15:00.502] [DEBUG] cheese - admin
[2020-07-25T16:15:00.508] [DEBUG] cheese - null
[2020-07-25T16:15:00.509] [DEBUG] cheese - null
[2020-07-25T16:23:02.494] [DEBUG] cheese - login => username:admin,password:123456
[2020-07-25T16:23:02.497] [DEBUG] cheese - admin
[2020-07-25T16:23:02.512] [DEBUG] cheese - null
[2020-07-25T16:23:02.512] [DEBUG] cheese - null
[2020-07-25T16:24:06.774] [DEBUG] cheese - login => username:admin,password:123456
[2020-07-25T16:24:06.774] [DEBUG] cheese - admin
[2020-07-25T16:24:06.777] [DEBUG] cheese - null
[2020-07-25T16:24:06.777] [DEBUG] cheese - null
[2020-07-25T16:37:03.890] [DEBUG] cheese - login => username:admin,password:123456
[2020-07-25T16:37:03.892] [DEBUG] cheese - admin
[2020-07-25T16:37:03.902] [DEBUG] cheese - null
[2020-07-25T16:37:03.902] [DEBUG] cheese - null
[2020-07-25T16:38:17.625] [DEBUG] cheese - login => username:admin,password:123456
[2020-07-25T16:38:17.626] [DEBUG] cheese - admin
[2020-07-25T16:38:17.628] [DEBUG] cheese - null
[2020-07-25T16:38:17.628] [DEBUG] cheese - null
[2020-07-25T16:51:05.299] [DEBUG] cheese - login => username:admin,password:123456
[2020-07-25T16:51:05.300] [DEBUG] cheese - admin
[2020-07-25T16:51:05.309] [DEBUG] cheese - null
[2020-07-25T16:51:05.309] [DEBUG] cheese - null
[2020-07-25T16:51:17.836] [DEBUG] cheese - login => username:admin,password:123456
[2020-07-25T16:51:17.836] [DEBUG] cheese - admin
[2020-07-25T16:51:17.839] [DEBUG] cheese - null
[2020-07-25T16:51:17.839] [DEBUG] cheese - null
[2020-07-25T16:55:46.656] [DEBUG] cheese - login => username:admin,password:123456
[2020-07-25T16:55:46.656] [DEBUG] cheese - admin
[2020-07-25T16:55:46.660] [DEBUG] cheese - null
[2020-07-25T16:55:46.660] [DEBUG] cheese - null
[2020-07-25T16:56:26.200] [DEBUG] cheese - login => username:admin,password:123456
[2020-07-25T16:56:26.200] [DEBUG] cheese - admin
[2020-07-25T16:56:26.203] [DEBUG] cheese - null
[2020-07-25T16:56:26.203] [DEBUG] cheese - null
[2020-07-25T16:57:24.099] [DEBUG] cheese - login => username:admin,password:123456
[2020-07-25T16:57:24.099] [DEBUG] cheese - admin
[2020-07-25T16:57:24.102] [DEBUG] cheese - null
[2020-07-25T16:57:24.102] [DEBUG] cheese - null
[2020-07-25T17:07:54.808] [DEBUG] cheese - login => username:admin,password:123456
[2020-07-25T17:07:54.812] [DEBUG] cheese - admin
[2020-07-25T17:07:54.825] [DEBUG] cheese - null
[2020-07-25T17:07:54.826] [DEBUG] cheese - null
[2020-07-25T17:11:20.257] [DEBUG] cheese - login => username:admin,password:123456
[2020-07-25T17:11:20.257] [DEBUG] cheese - admin
[2020-07-25T17:11:20.267] [DEBUG] cheese - null
[2020-07-25T17:11:20.267] [DEBUG] cheese - null
[2020-07-25T18:00:29.505] [DEBUG] cheese - login => username:admin,password:123456
[2020-07-25T18:00:29.506] [DEBUG] cheese - admin
[2020-07-25T18:00:29.517] [DEBUG] cheese - null
[2020-07-25T18:00:29.517] [DEBUG] cheese - null
[2020-07-25T18:00:45.229] [DEBUG] cheese - login => username:admin,password:123456
[2020-07-25T18:00:45.230] [DEBUG] cheese - admin
[2020-07-25T18:00:45.232] [DEBUG] cheese - null
[2020-07-25T18:00:45.232] [DEBUG] cheese - null
[2020-07-25T18:05:31.379] [DEBUG] cheese - login => username:admin,password:123456
[2020-07-25T18:05:31.379] [DEBUG] cheese - admin
[2020-07-25T18:05:31.383] [DEBUG] cheese - null
[2020-07-25T18:05:31.383] [DEBUG] cheese - null
[2020-07-25T18:06:24.834] [DEBUG] cheese - login => username:admin,password:123456
[2020-07-25T18:06:24.834] [DEBUG] cheese - admin
[2020-07-25T18:06:24.836] [DEBUG] cheese - null
[2020-07-25T18:06:24.837] [DEBUG] cheese - null
[2020-07-25T18:17:29.245] [DEBUG] cheese - login => username:admin,password:123456
[2020-07-25T18:17:29.245] [DEBUG] cheese - admin
[2020-07-25T18:17:29.250] [DEBUG] cheese - null
[2020-07-25T18:17:29.250] [DEBUG] cheese - null
[2020-07-25T18:22:52.492] [DEBUG] cheese - login => username:admin,password:123456
[2020-07-25T18:22:52.493] [DEBUG] cheese - admin
[2020-07-25T18:22:52.499] [DEBUG] cheese - null
[2020-07-25T18:22:52.499] [DEBUG] cheese - null
[2020-07-25T18:23:22.057] [DEBUG] cheese - login => username:admin,password:123456
[2020-07-25T18:23:22.058] [DEBUG] cheese - admin
[2020-07-25T18:23:22.060] [DEBUG] cheese - null
[2020-07-25T18:23:22.060] [DEBUG] cheese - null
[2020-07-25T18:26:27.083] [DEBUG] cheese - login => username:admin,password:123456
[2020-07-25T18:26:27.084] [DEBUG] cheese - admin
[2020-07-25T18:26:27.086] [DEBUG] cheese - null
[2020-07-25T18:26:27.086] [DEBUG] cheese - null
[2020-07-25T18:30:00.218] [DEBUG] cheese - login => username:admin,password:123456
[2020-07-25T18:30:00.218] [DEBUG] cheese - admin
[2020-07-25T18:30:00.223] [DEBUG] cheese - null
[2020-07-25T18:30:00.223] [DEBUG] cheese - null
[2020-07-25T18:31:31.615] [DEBUG] cheese - login => username:admin,password:123456
[2020-07-25T18:31:31.615] [DEBUG] cheese - admin
[2020-07-25T18:31:31.617] [DEBUG] cheese - null
[2020-07-25T18:31:31.618] [DEBUG] cheese - null
[2020-07-25T18:37:26.775] [DEBUG] cheese - login => username:admin,password:123456
[2020-07-25T18:37:26.777] [DEBUG] cheese - admin
[2020-07-25T18:37:26.812] [DEBUG] cheese - null
[2020-07-25T18:37:26.812] [DEBUG] cheese - null
[2020-07-25T18:42:35.287] [DEBUG] cheese - login => username:admin,password:123456
[2020-07-25T18:42:35.287] [DEBUG] cheese - admin
[2020-07-25T18:42:35.292] [DEBUG] cheese - null
[2020-07-25T18:42:35.292] [DEBUG] cheese - null
[2020-07-25T18:55:14.332] [DEBUG] cheese - login => username:admin,password:123456
[2020-07-25T18:55:14.341] [DEBUG] cheese - admin
[2020-07-25T18:55:14.354] [DEBUG] cheese - null
[2020-07-25T18:55:14.354] [DEBUG] cheese - null
[2020-07-25T19:45:44.189] [DEBUG] cheese - login => username:admin,password:123456
[2020-07-25T19:45:44.190] [DEBUG] cheese - admin
[2020-07-25T19:45:44.207] [DEBUG] cheese - null
[2020-07-25T19:45:44.207] [DEBUG] cheese - null
[2020-07-25T21:49:16.441] [DEBUG] cheese - login => username:admin,password:123456
[2020-07-25T21:49:16.449] [DEBUG] cheese - admin
[2020-07-25T21:49:16.464] [DEBUG] cheese - null
[2020-07-25T21:49:16.464] [DEBUG] cheese - null
[2020-07-25T21:50:11.046] [DEBUG] cheese - login => username:admin,password:123456
[2020-07-25T21:50:11.046] [DEBUG] cheese - admin
[2020-07-25T21:50:11.052] [DEBUG] cheese - null
[2020-07-25T21:50:11.052] [DEBUG] cheese - null
[2020-07-25T21:50:41.962] [DEBUG] cheese - login => username:admin,password:123456
[2020-07-25T21:50:41.963] [DEBUG] cheese - admin
[2020-07-25T21:50:41.966] [DEBUG] cheese - null
[2020-07-25T21:50:41.966] [DEBUG] cheese - null
[2020-07-25T22:07:52.076] [DEBUG] cheese - login => username:admin,password:123456
[2020-07-25T22:07:52.076] [DEBUG] cheese - admin
[2020-07-25T22:07:52.081] [DEBUG] cheese - null
[2020-07-25T22:07:52.081] [DEBUG] cheese - null
[2020-07-26T09:22:52.564] [DEBUG] cheese - login => username:admin,password:123456
[2020-07-26T09:22:52.566] [DEBUG] cheese - admin
[2020-07-26T09:22:52.600] [DEBUG] cheese - null
[2020-07-26T09:22:52.602] [DEBUG] cheese - null
[2020-07-26T20:05:41.658] [DEBUG] cheese - login => username:admin,password:123456
[2020-07-26T20:05:41.660] [DEBUG] cheese - admin
[2020-07-26T20:05:41.663] [DEBUG] cheese - null
[2020-07-26T20:05:41.663] [DEBUG] cheese - null
[2020-07-26T20:09:04.095] [DEBUG] cheese - login => username:admin,password:123456
[2020-07-26T20:09:04.095] [DEBUG] cheese - admin
[2020-07-26T20:09:04.097] [DEBUG] cheese - null
[2020-07-26T20:09:04.098] [DEBUG] cheese - null
[2020-07-26T20:22:51.660] [DEBUG] cheese - login => username:admin,password:123456
[2020-07-26T20:22:51.664] [DEBUG] cheese - admin
[2020-07-26T20:22:51.684] [DEBUG] cheese - null
[2020-07-26T20:22:51.684] [DEBUG] cheese - null
[2020-07-28T09:12:10.359] [DEBUG] cheese - login => username:admin,password:123456
[2020-07-28T09:12:10.360] [DEBUG] cheese - admin
[2020-07-28T09:12:10.394] [DEBUG] cheese - null
[2020-07-28T09:12:10.396] [DEBUG] cheese - null
[2020-07-28T16:56:08.738] [DEBUG] cheese - null
[2020-07-28T16:59:04.735] [DEBUG] cheese - null
[2020-07-28T17:10:50.117] [DEBUG] cheese - null
[2020-07-28T17:10:54.363] [DEBUG] cheese - null
[2020-07-28T17:10:58.128] [DEBUG] cheese - null
[2020-07-29T15:30:20.933] [DEBUG] cheese - login => username:admin,password:123456
[2020-07-29T15:30:20.935] [DEBUG] cheese - admin
[2020-07-29T15:30:21.002] [DEBUG] cheese - null
[2020-07-29T15:30:21.003] [DEBUG] cheese - null
[2020-07-30T09:29:28.008] [DEBUG] cheese - login => username:admin,password:123456
[2020-07-30T09:29:28.010] [DEBUG] cheese - admin
[2020-07-30T09:29:28.049] [DEBUG] cheese - null
[2020-07-30T09:29:28.050] [DEBUG] cheese - null
[2020-07-30T12:23:20.585] [DEBUG] cheese - login => username:admin,password:123456
[2020-07-30T12:23:20.588] [DEBUG] cheese - admin
[2020-07-30T12:23:20.608] [DEBUG] cheese - null
[2020-07-30T12:23:20.610] [DEBUG] cheese - null
[2020-07-30T16:52:46.428] [DEBUG] cheese - login => username:admin,password:123456
[2020-07-30T16:52:46.431] [DEBUG] cheese - admin
[2020-07-30T16:52:46.447] [DEBUG] cheese - null
[2020-07-30T16:52:46.449] [DEBUG] cheese - null
[2020-07-30T17:29:51.366] [DEBUG] cheese - login => username:admin,password:123456
[2020-07-30T17:29:51.368] [DEBUG] cheese - admin
[2020-07-30T17:29:51.384] [DEBUG] cheese - null
[2020-07-30T17:29:51.386] [DEBUG] cheese - null
[2020-07-31T00:45:43.984] [DEBUG] cheese - login => username:admin,password:123456
[2020-07-31T00:45:43.986] [DEBUG] cheese - admin
[2020-07-31T00:45:44.046] [DEBUG] cheese - null
[2020-07-31T00:45:44.048] [DEBUG] cheese - null
[2020-08-01T09:23:59.722] [DEBUG] cheese - login => username:admin,password:123456
[2020-08-01T09:23:59.724] [DEBUG] cheese - admin
[2020-08-01T09:23:59.764] [DEBUG] cheese - null
[2020-08-01T09:23:59.766] [DEBUG] cheese - null
[2020-08-01T10:52:04.736] [DEBUG] cheese - login => username:admin,password:123456
[2020-08-01T10:52:04.741] [DEBUG] cheese - admin
[2020-08-01T10:52:04.817] [DEBUG] cheese - null
[2020-08-01T10:52:04.819] [DEBUG] cheese - null
[2020-08-01T16:31:54.226] [DEBUG] cheese - login => username:admin,password:123456
[2020-08-01T16:31:54.231] [DEBUG] cheese - admin
[2020-08-01T16:31:54.264] [DEBUG] cheese - null
[2020-08-01T16:31:54.265] [DEBUG] cheese - null
[2020-08-01T17:33:41.320] [DEBUG] cheese - login => username:admin,password:123456
[2020-08-01T17:33:41.325] [DEBUG] cheese - admin
[2020-08-01T17:33:41.333] [DEBUG] cheese - null
[2020-08-01T17:33:41.334] [DEBUG] cheese - null
[2020-08-01T17:51:05.968] [DEBUG] cheese - login => username:admin,password:123456
[2020-08-01T17:51:05.972] [DEBUG] cheese - admin
[2020-08-01T17:51:05.995] [DEBUG] cheese - null
[2020-08-01T17:51:05.996] [DEBUG] cheese - null
[2020-08-02T14:26:41.725] [DEBUG] cheese - login => username:admin,password:123456
[2020-08-02T14:26:41.727] [DEBUG] cheese - admin
[2020-08-02T14:26:41.765] [DEBUG] cheese - null
[2020-08-02T14:26:41.767] [DEBUG] cheese - null
[2020-08-02T16:43:48.082] [DEBUG] cheese - login => username:admin,password:123456
[2020-08-02T16:43:48.087] [DEBUG] cheese - admin
[2020-08-02T16:43:48.097] [DEBUG] cheese - null
[2020-08-02T16:43:48.098] [DEBUG] cheese - null
[2020-08-02T17:26:27.310] [DEBUG] cheese - login => username:admin,password:123456
[2020-08-02T17:26:27.312] [DEBUG] cheese - admin
[2020-08-02T17:26:27.382] [DEBUG] cheese - null
[2020-08-02T17:26:27.383] [DEBUG] cheese - null
[2020-08-03T09:16:32.855] [DEBUG] cheese - login => username:admin,password:123456
[2020-08-03T09:16:32.877] [DEBUG] cheese - admin
[2020-08-03T09:16:32.961] [DEBUG] cheese - null
[2020-08-03T09:16:32.962] [DEBUG] cheese - null
[2020-08-03T14:53:06.639] [DEBUG] cheese - login => username:admin,password:123456
[2020-08-03T14:53:06.643] [DEBUG] cheese - admin
[2020-08-03T14:53:06.675] [DEBUG] cheese - null
[2020-08-03T14:53:06.676] [DEBUG] cheese - null
[2020-08-03T15:29:52.416] [DEBUG] cheese - login => username:admin,password:123456
[2020-08-03T15:29:52.419] [DEBUG] cheese - admin
[2020-08-03T15:29:52.445] [DEBUG] cheese - null
[2020-08-03T15:29:52.446] [DEBUG] cheese - null
[2020-08-03T15:55:29.205] [DEBUG] cheese - login => username:admin,password:123456
[2020-08-03T15:55:29.208] [DEBUG] cheese - admin
[2020-08-03T15:55:29.228] [DEBUG] cheese - null
[2020-08-03T15:55:29.230] [DEBUG] cheese - null
[2020-08-03T17:06:01.664] [DEBUG] cheese - null
[2020-08-03T17:06:42.127] [DEBUG] cheese - null
[2020-08-03T17:16:44.107] [DEBUG] cheese - login => username:admin,password:123456
[2020-08-03T17:16:44.112] [DEBUG] cheese - admin
[2020-08-03T17:16:44.165] [DEBUG] cheese - null
[2020-08-03T17:16:44.165] [DEBUG] cheese - null
[2020-08-03T17:17:37.649] [DEBUG] cheese - null
[2020-08-04T09:09:28.341] [DEBUG] cheese - login => username:admin,password:123456
[2020-08-04T09:09:28.342] [DEBUG] cheese - admin
[2020-08-04T09:09:28.383] [DEBUG] cheese - null
[2020-08-04T09:09:28.384] [DEBUG] cheese - null
[2020-08-04T09:09:45.500] [DEBUG] cheese - null
[2020-08-04T09:09:49.749] [DEBUG] cheese - null
[2020-08-04T09:10:04.461] [DEBUG] cheese - null
[2020-08-04T09:10:44.722] [DEBUG] cheese - null
[2020-08-04T09:11:19.804] [DEBUG] cheese - null
[2020-08-04T09:15:33.969] [DEBUG] cheese - login => username:admin,password:123456
[2020-08-04T09:15:33.970] [DEBUG] cheese - admin
[2020-08-04T09:15:33.981] [DEBUG] cheese - null
[2020-08-04T09:15:33.982] [DEBUG] cheese - null
[2020-08-04T09:16:14.510] [DEBUG] cheese - null
[2020-08-04T09:16:51.788] [DEBUG] cheese - null
[2020-08-04T09:17:11.003] [DEBUG] cheese - null
[2020-08-04T09:17:45.785] [DEBUG] cheese - null
[2020-08-04T15:37:05.641] [DEBUG] cheese - login => username:admin,password:123456
[2020-08-04T15:37:05.642] [DEBUG] cheese - admin
[2020-08-04T15:37:05.657] [DEBUG] cheese - null
[2020-08-04T15:37:05.657] [DEBUG] cheese - null
[2020-08-04T15:43:49.153] [DEBUG] cheese - login => username:admin,password:123456
[2020-08-04T15:43:49.157] [DEBUG] cheese - admin
[2020-08-04T15:43:49.207] [DEBUG] cheese - null
[2020-08-04T15:43:49.208] [DEBUG] cheese - null
[2020-08-04T16:12:04.620] [DEBUG] cheese - login => username:admin,password:123456
[2020-08-04T16:12:04.624] [DEBUG] cheese - admin
[2020-08-04T16:12:04.634] [DEBUG] cheese - login => username:admin,password:123456
[2020-08-04T16:12:04.634] [DEBUG] cheese - admin
[2020-08-04T16:12:04.635] [DEBUG] cheese - login => username:admin,password:123456
[2020-08-04T16:12:04.635] [DEBUG] cheese - admin
[2020-08-04T16:12:04.639] [DEBUG] cheese - login => username:admin,password:123456
[2020-08-04T16:12:04.639] [DEBUG] cheese - admin
[2020-08-04T16:12:04.641] [DEBUG] cheese - login => username:admin,password:123456
[2020-08-04T16:12:04.641] [DEBUG] cheese - admin
[2020-08-04T16:12:04.655] [DEBUG] cheese - null
[2020-08-04T16:12:04.655] [DEBUG] cheese - null
[2020-08-04T16:12:04.793] [DEBUG] cheese - null
[2020-08-04T16:12:04.793] [DEBUG] cheese - null
[2020-08-04T16:12:04.902] [DEBUG] cheese - null
[2020-08-04T16:12:04.902] [DEBUG] cheese - null
[2020-08-04T16:12:04.999] [DEBUG] cheese - null
[2020-08-04T16:12:04.999] [DEBUG] cheese - null
[2020-08-04T16:12:05.096] [DEBUG] cheese - null
[2020-08-04T16:12:05.096] [DEBUG] cheese - null
[2020-08-04T16:13:14.559] [DEBUG] cheese - login => username:admin,password:123456
[2020-08-04T16:13:14.559] [DEBUG] cheese - admin
[2020-08-04T16:13:14.561] [DEBUG] cheese - null
[2020-08-04T16:13:14.561] [DEBUG] cheese - null
[2020-08-04T16:27:17.356] [DEBUG] cheese - login => username:admin,password:123456
[2020-08-04T16:27:17.362] [DEBUG] cheese - admin
[2020-08-04T16:27:17.406] [DEBUG] cheese - null
[2020-08-04T16:27:17.406] [DEBUG] cheese - null
[2020-08-04T16:28:46.523] [DEBUG] cheese - login => username:admin,password:123456
[2020-08-04T16:28:46.523] [DEBUG] cheese - admin
[2020-08-04T16:28:46.527] [DEBUG] cheese - null
[2020-08-04T16:28:46.528] [DEBUG] cheese - null
[2020-08-04T16:42:43.368] [DEBUG] cheese - login => username:admin,password:123456
[2020-08-04T16:42:43.371] [DEBUG] cheese - admin
[2020-08-04T16:42:43.398] [DEBUG] cheese - null
[2020-08-04T16:42:43.398] [DEBUG] cheese - null
[2020-08-04T16:45:50.398] [DEBUG] cheese - login => username:admin,password:123456
[2020-08-04T16:45:50.399] [DEBUG] cheese - admin
[2020-08-04T16:45:50.402] [DEBUG] cheese - null
[2020-08-04T16:45:50.402] [DEBUG] cheese - null
[2020-08-04T16:45:59.097] [DEBUG] cheese - login => username:admin,password:123456
[2020-08-04T16:45:59.097] [DEBUG] cheese - admin
[2020-08-04T16:45:59.102] [DEBUG] cheese - null
[2020-08-04T16:45:59.102] [DEBUG] cheese - null
[2020-08-04T19:06:18.558] [DEBUG] cheese - login => username:admin,password:123456
[2020-08-04T19:06:18.579] [DEBUG] cheese - admin
[2020-08-04T19:06:18.720] [DEBUG] cheese - null
[2020-08-04T19:06:18.722] [DEBUG] cheese - null
[2020-08-06T14:17:16.310] [DEBUG] cheese - login => username:admin,password:123456
[2020-08-06T14:17:16.312] [DEBUG] cheese - admin
[2020-08-06T14:17:16.344] [DEBUG] cheese - null
[2020-08-06T14:17:16.345] [DEBUG] cheese - null
[2020-08-06T14:17:44.782] [DEBUG] cheese - login => username:admin,password:123456
[2020-08-06T14:17:44.782] [DEBUG] cheese - admin
[2020-08-06T14:17:44.786] [DEBUG] cheese - null
[2020-08-06T14:17:44.786] [DEBUG] cheese - null
[2020-08-06T16:02:21.781] [DEBUG] cheese - login => username:admin,password:123456
[2020-08-06T16:02:21.786] [DEBUG] cheese - admin
[2020-08-06T16:02:21.859] [DEBUG] cheese - null
[2020-08-06T16:02:21.860] [DEBUG] cheese - null
[2020-08-06T16:46:10.559] [DEBUG] cheese - login => username:admin,password:123456
[2020-08-06T16:46:10.567] [DEBUG] cheese - admin
[2020-08-06T16:46:10.636] [DEBUG] cheese - null
[2020-08-06T16:46:10.638] [DEBUG] cheese - null
[2020-08-06T20:44:16.405] [DEBUG] cheese - login => username:admin,password:123456
[2020-08-06T20:44:16.407] [DEBUG] cheese - admin
[2020-08-06T20:44:16.474] [DEBUG] cheese - null
[2020-08-06T20:44:16.474] [DEBUG] cheese - null
[2020-08-06T21:23:48.795] [DEBUG] cheese - login => username:admin,password:123456
[2020-08-06T21:23:48.799] [DEBUG] cheese - admin
[2020-08-06T21:23:48.854] [DEBUG] cheese - null
[2020-08-06T21:23:48.854] [DEBUG] cheese - null
[2020-08-06T21:25:42.685] [DEBUG] cheese - null
[2020-08-06T21:37:43.886] [DEBUG] cheese - login => username:admin,password:123456
[2020-08-06T21:37:43.889] [DEBUG] cheese - admin
[2020-08-06T21:37:43.906] [DEBUG] cheese - null
[2020-08-06T21:37:43.907] [DEBUG] cheese - null
[2020-08-06T22:13:26.073] [DEBUG] cheese - login => username:admin,password:123456
[2020-08-06T22:13:26.079] [DEBUG] cheese - admin
[2020-08-06T22:13:26.124] [DEBUG] cheese - null
[2020-08-06T22:13:26.125] [DEBUG] cheese - null
[2020-08-06T22:20:20.357] [DEBUG] cheese - login => username:admin,password:123456
[2020-08-06T22:20:20.360] [DEBUG] cheese - admin
[2020-08-06T22:20:20.375] [DEBUG] cheese - null
[2020-08-06T22:20:20.375] [DEBUG] cheese - null
[2020-08-06T22:20:29.689] [DEBUG] cheese - login => username:admin,password:123456
[2020-08-06T22:20:29.689] [DEBUG] cheese - admin
[2020-08-06T22:20:29.691] [DEBUG] cheese - null
[2020-08-06T22:20:29.692] [DEBUG] cheese - null
[2020-08-06T22:21:26.346] [DEBUG] cheese - login => username:admin,password:123456
[2020-08-06T22:21:26.346] [DEBUG] cheese - admin
[2020-08-06T22:21:26.350] [DEBUG] cheese - null
[2020-08-06T22:21:26.350] [DEBUG] cheese - null
[2020-08-06T22:23:01.413] [DEBUG] cheese - login => username:admin,password:123456
[2020-08-06T22:23:01.413] [DEBUG] cheese - admin
[2020-08-06T22:23:01.428] [DEBUG] cheese - null
[2020-08-06T22:23:01.428] [DEBUG] cheese - null
[2020-08-06T22:23:51.877] [DEBUG] cheese - login => username:admin,password:123456
[2020-08-06T22:23:51.877] [DEBUG] cheese - admin
[2020-08-06T22:23:51.880] [DEBUG] cheese - null
[2020-08-06T22:23:51.881] [DEBUG] cheese - null
[2020-08-06T22:56:42.822] [DEBUG] cheese - login => username:admin,password:123456
[2020-08-06T22:56:42.827] [DEBUG] cheese - admin
[2020-08-06T22:56:42.868] [DEBUG] cheese - null
[2020-08-06T22:56:42.869] [DEBUG] cheese - null
[2020-08-17T09:55:50.887] [DEBUG] cheese - login => username:admin,password:123456
[2020-08-17T09:55:50.890] [DEBUG] cheese - admin
[2020-08-17T09:55:50.933] [DEBUG] cheese - null
[2020-08-17T09:55:50.935] [DEBUG] cheese - null
[2020-08-17T10:04:40.340] [DEBUG] cheese - login => username:admin,password:123456
[2020-08-17T10:04:40.340] [DEBUG] cheese - admin
[2020-08-17T10:04:40.348] [DEBUG] cheese - null
[2020-08-17T10:04:40.348] [DEBUG] cheese - null
[2020-08-17T10:11:43.894] [DEBUG] cheese - login => username:admin,password:123456
[2020-08-17T10:11:43.901] [DEBUG] cheese - admin
[2020-08-17T10:11:43.915] [DEBUG] cheese - null
[2020-08-17T10:11:43.916] [DEBUG] cheese - null
[2020-08-17T10:37:00.695] [DEBUG] cheese - login => username:admin,password:123456
[2020-08-17T10:37:00.697] [DEBUG] cheese - admin
[2020-08-17T10:37:00.733] [DEBUG] cheese - null
[2020-08-17T10:37:00.734] [DEBUG] cheese - null
[2020-08-17T10:38:17.395] [DEBUG] cheese - login => username:admin,password:123456
[2020-08-17T10:38:17.395] [DEBUG] cheese - admin
[2020-08-17T10:41:08.983] [DEBUG] cheese - login => username:admin,password:123456
[2020-08-17T10:41:08.983] [DEBUG] cheese - admin
[2020-08-17T10:41:09.034] [DEBUG] cheese - null
[2020-08-17T10:41:09.035] [DEBUG] cheese - null
[2020-08-17T10:41:09.157] [DEBUG] cheese - null
[2020-08-17T10:41:09.157] [DEBUG] cheese - null
[2020-08-17T10:42:33.502] [DEBUG] cheese - login => username:admin,password:123456
[2020-08-17T10:42:33.503] [DEBUG] cheese - admin
[2020-08-17T10:42:33.507] [DEBUG] cheese - null
[2020-08-17T10:42:33.507] [DEBUG] cheese - null
[2020-08-17T10:43:47.323] [DEBUG] cheese - login => username:admin,password:123456
[2020-08-17T10:43:47.324] [DEBUG] cheese - admin
[2020-08-17T10:43:47.341] [DEBUG] cheese - null
[2020-08-17T10:43:47.341] [DEBUG] cheese - null
[2020-08-17T10:44:59.423] [DEBUG] cheese - login => username:admin,password:123456
[2020-08-17T10:44:59.423] [DEBUG] cheese - admin
[2020-08-17T10:44:59.426] [DEBUG] cheese - null
[2020-08-17T10:44:59.426] [DEBUG] cheese - null
